
========================================
PESAN BARU DARI WEBSITE BEM FILKOM
========================================
Waktu: 8/11/2025, 08.35.51
Nama: s
Email: s@gmail.com
Subject: s
Pesan:
s
========================================


========================================
PESAN BARU DARI WEBSITE BEM FILKOM
========================================
Waktu: 8/11/2025, 12.01.05
Nama: aa
Email: a@gmail.com
Subject: sss
Pesan:
sss
========================================


========================================
PESAN BARU DARI WEBSITE BEM FILKOM
========================================
Waktu: 8/11/2025, 12.38.32
Nama: s
Email: s@gmail.com
Subject: s
Pesan:
s
========================================


========================================
PESAN BARU DARI WEBSITE BEM FILKOM
========================================
Waktu: 8/11/2025, 12.39.45
Nama: Test User
Email: test@example.com
Subject: Test Contact Form
Pesan:
This is a test message from local development.
========================================


========================================
PESAN BARU DARI WEBSITE BEM FILKOM
========================================
Waktu: 8/11/2025, 12.40.01
Nama: Test SMTP
Email: test@example.com
Subject: SMTP Test
Pesan:
Testing SMTP configuration with environment variables loaded.
========================================


========================================
PESAN BARU DARI WEBSITE BEM FILKOM
========================================
Waktu: 8/11/2025, 12.41.02
Nama: s
Email: s@gmail.com
Subject: s
Pesan:
s
========================================


========================================
PESAN BARU DARI WEBSITE BEM FILKOM
========================================
Waktu: 8/11/2025, 12.45.13
Nama: Test App Password
Email: test@example.com
Subject: Testing New App Password
Pesan:
Testing SMTP with new 16-character App Password: eyhz_cejs_brkn_ujao
========================================


========================================
PESAN BARU DARI WEBSITE BEM FILKOM
========================================
Waktu: 8/11/2025, 12.47.56
Nama: s
Email: s@gmail.com
Subject: s
Pesan:
s
========================================

